<?xml version="1.0" encoding="UTF-8"?>
<!-- Generated by org.testng.reporters.JUnitReportReporter -->
<testsuite skipped="0" hostname="DESKTOP-KUM8EQ1" name="com.actiTime.testScripts.login.TestInvalidLogin" tests="1" failures="0" timestamp="01 May 2017 06:28:46 GMT" time="3.724" errors="0">
  <testcase name="testInvalidLogin1" time="3.724" classname="com.actiTime.testScripts.login.TestInvalidLogin"/>
</testsuite> <!-- com.actiTime.testScripts.login.TestInvalidLogin -->
